<?xml version="1.0" encoding="UTF-8"?>
<!-- Generated by org.testng.reporters.JUnitReportReporter -->
<testsuite hostname="LAPTOP-FKBULLBN" failures="0" tests="1" name="seleniumTests.launchPasha" time="6.825" errors="0" timestamp="2024-05-06T12:21:59 JST" skipped="0">
  <testcase classname="seleniumTests.launchPasha" name="launchTest" time="6.825"/>
</testsuite> <!-- seleniumTests.launchPasha -->
